2019-03-25 12:48:47,968 __main__ INFO rabbit connecting
2019-03-25 12:48:59,169 __main__ INFO [-] Socket Created
2019-03-25 12:48:59,169 __main__ INFO [-] Socket Bound to port 5009
2019-03-25 12:48:59,169 __main__ INFO Listening...
2019-03-25 12:48:59,247 __main__ INFO rabbit connected
2019-03-25 12:48:59,247 __main__ INFO rabbit subscribed
2019-03-25 12:49:01,577 __main__ INFO rabbit connected
2019-03-25 12:49:01,577 __main__ INFO rabbit subscribed
2019-03-25 12:49:03,794 __main__ INFO rabbit connected
2019-03-25 12:49:03,795 __main__ INFO rabbit subscribed
2019-03-25 12:49:12,572 __main__ INFO rabbit connected
2019-03-25 12:49:12,572 __main__ INFO rabbit subscribed
2019-03-25 12:49:14,795 __main__ INFO rabbit connected
2019-03-25 12:49:14,796 __main__ INFO rabbit subscribed
2019-03-25 12:49:16,965 __main__ INFO rabbit connected
2019-03-25 12:49:16,965 __main__ INFO rabbit subscribed
2019-03-25 12:49:25,868 __main__ INFO rabbit connected
2019-03-25 12:49:25,869 __main__ INFO rabbit subscribed
2019-03-25 12:49:28,053 __main__ INFO rabbit connected
2019-03-25 12:49:28,053 __main__ INFO rabbit subscribed
2019-03-25 12:49:30,254 __main__ INFO rabbit connected
2019-03-25 12:49:30,254 __main__ INFO rabbit subscribed
2019-03-25 12:49:32,422 __main__ INFO rabbit connected
2019-03-25 12:49:32,422 __main__ INFO rabbit subscribed
2019-03-25 12:49:34,597 __main__ INFO rabbit connected
2019-03-25 12:49:34,598 __main__ INFO rabbit subscribed
